<?xml version="1.0" encoding="UTF-8"?>
<!-- Generated by org.testng.reporters.JUnitXMLReporter -->
<testsuite ignored="0" hostname="DESKTOP-OKST4J2" failures="0" tests="7" name="Default test" time="29.956" errors="0" timestamp="2024-01-03T23:38:10 TRT">
  <testcase classname="loginTest.loginTest" name="testCase1" time="3.128"/>
  <testcase classname="loginTest.loginTest" name="testCase1" time="3.928"/>
  <testcase classname="loginTest.loginTest" name="testCase1" time="2.629"/>
  <testcase classname="loginTest.loginTest" name="testCase1" time="2.182"/>
  <testcase classname="loginTest.loginTest" name="testCase1" time="2.221"/>
  <testcase classname="loginTest.loginTest" name="testCase1" time="3.958"/>
  <testcase classname="loginTest.loginTest" name="testCase1" time="2.159"/>
</testsuite> <!-- Default test -->
