<?xml version="1.0" encoding="UTF-8"?>
<testng-results ignored="0" total="7" passed="7" failed="0" skipped="0">
  <reporter-output>
  </reporter-output>
  <suite started-at="2024-01-03T23:37:40 TRT" name="Default suite" finished-at="2024-01-03T23:38:10 TRT" duration-ms="29956">
    <groups>
    </groups>
    <test started-at="2024-01-03T23:37:40 TRT" name="Default test" finished-at="2024-01-03T23:38:10 TRT" duration-ms="29956">
      <class name="loginTest.loginTest">
        <test-method is-config="true" signature="startExecution()[pri:0, instance:loginTest.loginTest@470734c3]" started-at="2024-01-03T23:37:40 TRT" name="startExecution" finished-at="2024-01-03T23:37:49 TRT" duration-ms="8931" status="PASS">
          <reporter-output>
          </reporter-output>
        </test-method> <!-- startExecution -->
        <test-method signature="testCase1(java.lang.String,java.lang.String)[pri:0, instance:loginTest.loginTest@470734c3]" started-at="2024-01-03T23:37:49 TRT" name="testCase1" data-provider="TestData1" finished-at="2024-01-03T23:37:53 TRT" duration-ms="3128" status="PASS">
          <params>
            <param index="0">
              <value>
                <![CDATA[Admin]]>
              </value>
            </param>
            <param index="1">
              <value>
                <![CDATA[admin123]]>
              </value>
            </param>
          </params>
          <reporter-output>
          </reporter-output>
        </test-method> <!-- testCase1 -->
        <test-method signature="testCase1(java.lang.String,java.lang.String)[pri:0, instance:loginTest.loginTest@470734c3]" started-at="2024-01-03T23:37:53 TRT" name="testCase1" data-provider="TestData1" finished-at="2024-01-03T23:37:56 TRT" duration-ms="3928" status="PASS">
          <params>
            <param index="0">
              <value>
                <![CDATA[admin]]>
              </value>
            </param>
            <param index="1">
              <value>
                <![CDATA[admin1]]>
              </value>
            </param>
          </params>
          <reporter-output>
          </reporter-output>
        </test-method> <!-- testCase1 -->
        <test-method signature="testCase1(java.lang.String,java.lang.String)[pri:0, instance:loginTest.loginTest@470734c3]" started-at="2024-01-03T23:37:56 TRT" name="testCase1" data-provider="TestData1" finished-at="2024-01-03T23:37:59 TRT" duration-ms="2629" status="PASS">
          <params>
            <param index="0">
              <value>
                <![CDATA[Dmin]]>
              </value>
            </param>
            <param index="1">
              <value>
                <![CDATA[admin2]]>
              </value>
            </param>
          </params>
          <reporter-output>
          </reporter-output>
        </test-method> <!-- testCase1 -->
        <test-method signature="testCase1(java.lang.String,java.lang.String)[pri:0, instance:loginTest.loginTest@470734c3]" started-at="2024-01-03T23:37:59 TRT" name="testCase1" data-provider="TestData1" finished-at="2024-01-03T23:38:01 TRT" duration-ms="2182" status="PASS">
          <params>
            <param index="0">
              <value>
                <![CDATA[Admşn]]>
              </value>
            </param>
            <param index="1">
              <value>
                <![CDATA[admin3]]>
              </value>
            </param>
          </params>
          <reporter-output>
          </reporter-output>
        </test-method> <!-- testCase1 -->
        <test-method signature="testCase1(java.lang.String,java.lang.String)[pri:0, instance:loginTest.loginTest@470734c3]" started-at="2024-01-03T23:38:01 TRT" name="testCase1" data-provider="TestData1" finished-at="2024-01-03T23:38:03 TRT" duration-ms="2221" status="PASS">
          <params>
            <param index="0">
              <value>
                <![CDATA[admin]]>
              </value>
            </param>
            <param index="1">
              <value>
                <![CDATA[admin123]]>
              </value>
            </param>
          </params>
          <reporter-output>
          </reporter-output>
        </test-method> <!-- testCase1 -->
        <test-method signature="testCase1(java.lang.String,java.lang.String)[pri:0, instance:loginTest.loginTest@470734c3]" started-at="2024-01-03T23:38:03 TRT" name="testCase1" data-provider="TestData1" finished-at="2024-01-03T23:38:07 TRT" duration-ms="3958" status="PASS">
          <params>
            <param index="0">
              <value>
                <![CDATA[admin]]>
              </value>
            </param>
            <param index="1">
              <value>
                <![CDATA[admi123]]>
              </value>
            </param>
          </params>
          <reporter-output>
          </reporter-output>
        </test-method> <!-- testCase1 -->
        <test-method signature="testCase1(java.lang.String,java.lang.String)[pri:0, instance:loginTest.loginTest@470734c3]" started-at="2024-01-03T23:38:07 TRT" name="testCase1" data-provider="TestData1" finished-at="2024-01-03T23:38:10 TRT" duration-ms="2159" status="PASS">
          <params>
            <param index="0">
              <value>
                <![CDATA[aDmin]]>
              </value>
            </param>
            <param index="1">
              <value>
                <![CDATA[admin123]]>
              </value>
            </param>
          </params>
          <reporter-output>
          </reporter-output>
        </test-method> <!-- testCase1 -->
        <test-method is-config="true" signature="endExecution()[pri:0, instance:loginTest.loginTest@470734c3]" started-at="2024-01-03T23:38:10 TRT" name="endExecution" finished-at="2024-01-03T23:38:10 TRT" duration-ms="178" status="PASS">
          <reporter-output>
          </reporter-output>
        </test-method> <!-- endExecution -->
      </class> <!-- loginTest.loginTest -->
    </test> <!-- Default test -->
  </suite> <!-- Default suite -->
</testng-results>
